<?xml version="1.0" encoding="UTF-8"?>
<testng-results ignored="0" total="1" passed="1" failed="0" skipped="0">
  <reporter-output>
  </reporter-output>
  <suite started-at="2021-03-13T08:44:26 EST" name="Surefire suite" finished-at="2021-03-13T08:44:26 EST" duration-ms="53">
    <groups>
    </groups>
    <test started-at="2021-03-13T08:44:26 EST" name="Surefire test" finished-at="2021-03-13T08:44:26 EST" duration-ms="53">
      <class name="testJenkins.DecoTest">
        <test-method signature="display()[pri:0, instance:testJenkins.DecoTest@31304f14]" started-at="2021-03-13T08:44:26 EST" name="display" finished-at="2021-03-13T08:44:26 EST" duration-ms="7" status="PASS">
          <reporter-output>
          </reporter-output>
        </test-method> <!-- display -->
      </class> <!-- testJenkins.DecoTest -->
    </test> <!-- Surefire test -->
  </suite> <!-- Surefire suite -->
</testng-results>
