<?xml version="1.0" encoding="UTF-8"?>
<testng-results ignored="0" total="1" passed="1" failed="0" skipped="0">
  <reporter-output>
  </reporter-output>
  <suite started-at="2021-03-13T08:44:38 EST" name="Suite" finished-at="2021-03-13T08:44:38 EST" duration-ms="64">
    <groups>
    </groups>
    <test started-at="2021-03-13T08:44:38 EST" name="Test" finished-at="2021-03-13T08:44:38 EST" duration-ms="64">
      <class name="testJenkins.DecoTest">
        <test-method signature="display()[pri:0, instance:testJenkins.DecoTest@65b3f4a4]" started-at="2021-03-13T08:44:38 EST" name="display" finished-at="2021-03-13T08:44:38 EST" duration-ms="11" status="PASS">
          <reporter-output>
          </reporter-output>
        </test-method> <!-- display -->
      </class> <!-- testJenkins.DecoTest -->
    </test> <!-- Test -->
  </suite> <!-- Suite -->
</testng-results>
